 Copyright (C) 1995-2019 - All Rights Reserved
 University Corporation for Atmospheric Research
 NCAR Command Language Version 6.6.2
 The use of this software is governed by a License Agreement.
 See http://www.ncl.ucar.edu/ for more details.
(0)	year = 2003
(0)	year = 2004
(0)	year = 2005
(0)	year = 2006
(0)	year = 2007
(0)	year = 2008
fatal:["Execute.c":133]:variable (Tair_f_tavg) is not in file (/g/data/w35/mm3972/model/wrf/NUWRF/LISWRF_configs/Princeton_ctl_watmove_new_veg/LIS_output/LIS.CABLE.2008120100.d01.nc)
fatal:["Execute.c":6378]:variable (Tair_f_tavg) is not in file (f)
fatal:["Execute.c":8637]:Execute: Error occurred at or near line 239 in file spitial_map_LIS_vs_obs.ncl

input in flex scanner failed
 Copyright (C) 1995-2019 - All Rights Reserved
 University Corporation for Atmospheric Research
 NCAR Command Language Version 6.6.2
 The use of this software is governed by a License Agreement.
 See http://www.ncl.ucar.edu/ for more details.
(0)	year = 2000

Variable: Tair_ts
Type: float
Total Size: 793148352 bytes
            198287088 values
Number of Dimensions: 3
Dimensions and sizes:	[time | 2928] x [lat | 241] x [lon | 281]
Coordinates: 
            time: [867816..876597]
            lat: [-40..-28]
            lon: [140..154]
Number Of Attributes: 5
  long_name :	Near surface air temperature
  standard_name :	air_temperature
  alma_name :	Tair
  units :	K
  _fillvalue :	-999
(0)	day =0
(0)	day =1
(0)	day =2
(0)	day =3
(0)	day =4
(0)	day =5
(0)	day =6
(0)	day =7
(0)	day =8
(0)	day =9
(0)	day =10
(0)	day =11
(0)	day =12
(0)	day =13
(0)	day =14
(0)	day =15
(0)	day =16
(0)	day =17
(0)	day =18
(0)	day =19
(0)	day =20
(0)	day =21
(0)	day =22
(0)	day =23
(0)	day =24
(0)	day =25
(0)	day =26
(0)	day =27
(0)	day =28
(0)	day =29
(0)	day =30
(0)	day =31
(0)	day =32
(0)	day =33
(0)	day =34
(0)	day =35
(0)	day =36
(0)	day =37
(0)	day =38
(0)	day =39
(0)	day =40
(0)	day =41
(0)	day =42
(0)	day =43
(0)	day =44
(0)	day =45
(0)	day =46
(0)	day =47
(0)	day =48
(0)	day =49
(0)	day =50
(0)	day =51
(0)	day =52
(0)	day =53
(0)	day =54
(0)	day =55
(0)	day =56
(0)	day =57
(0)	day =58
(0)	day =59
(0)	day =60
(0)	day =61
(0)	day =62
(0)	day =63
(0)	day =64
(0)	day =65
(0)	day =66
(0)	day =67
(0)	day =68
(0)	day =69
(0)	day =70
(0)	day =71
(0)	day =72
(0)	day =73
(0)	day =74
(0)	day =75
(0)	day =76
(0)	day =77
(0)	day =78
(0)	day =79
(0)	day =80
(0)	day =81
(0)	day =82
(0)	day =83
(0)	day =84
(0)	day =85
(0)	day =86
(0)	day =87
(0)	day =88
(0)	day =89
(0)	day =90
(0)	day =91
(0)	day =92
(0)	day =93
(0)	day =94
(0)	day =95
(0)	day =96
(0)	day =97
(0)	day =98
(0)	day =99
(0)	day =100
(0)	day =101
(0)	day =102
(0)	day =103
(0)	day =104
(0)	day =105
(0)	day =106
(0)	day =107
(0)	day =108
(0)	day =109
(0)	day =110
(0)	day =111
(0)	day =112
(0)	day =113
(0)	day =114
(0)	day =115
(0)	day =116
(0)	day =117
(0)	day =118
(0)	day =119
(0)	day =120
(0)	day =121
(0)	day =122
(0)	day =123
(0)	day =124
(0)	day =125
(0)	day =126
(0)	day =127
(0)	day =128
(0)	day =129
(0)	day =130
(0)	day =131
(0)	day =132
(0)	day =133
(0)	day =134
(0)	day =135
(0)	day =136
(0)	day =137
(0)	day =138
(0)	day =139
(0)	day =140
(0)	day =141
(0)	day =142
(0)	day =143
(0)	day =144
(0)	day =145
(0)	day =146
(0)	day =147
(0)	day =148
(0)	day =149
(0)	day =150
(0)	day =151
(0)	day =152
(0)	day =153
(0)	day =154
(0)	day =155
(0)	day =156
(0)	day =157
(0)	day =158
(0)	day =159
(0)	day =160
(0)	day =161
(0)	day =162
(0)	day =163
(0)	day =164
(0)	day =165
(0)	day =166
(0)	day =167
(0)	day =168
(0)	day =169
(0)	day =170
(0)	day =171
(0)	day =172
(0)	day =173
(0)	day =174
(0)	day =175
(0)	day =176
(0)	day =177
(0)	day =178
(0)	day =179
(0)	day =180
(0)	day =181
(0)	day =182
(0)	day =183
(0)	day =184
(0)	day =185
(0)	day =186
(0)	day =187
(0)	day =188
(0)	day =189
(0)	day =190
(0)	day =191
(0)	day =192
(0)	day =193
(0)	day =194
(0)	day =195
(0)	day =196
(0)	day =197
(0)	day =198
(0)	day =199
(0)	day =200
(0)	day =201
(0)	day =202
(0)	day =203
(0)	day =204
(0)	day =205
(0)	day =206
(0)	day =207
(0)	day =208
(0)	day =209
(0)	day =210
(0)	day =211
(0)	day =212
(0)	day =213
(0)	day =214
(0)	day =215
(0)	day =216
(0)	day =217
(0)	day =218
(0)	day =219
(0)	day =220
(0)	day =221
(0)	day =222
(0)	day =223
(0)	day =224
(0)	day =225
(0)	day =226
(0)	day =227
(0)	day =228
(0)	day =229
(0)	day =230
(0)	day =231
(0)	day =232
(0)	day =233
(0)	day =234
(0)	day =235
(0)	day =236
(0)	day =237
(0)	day =238
(0)	day =239
(0)	day =240
(0)	day =241
(0)	day =242
(0)	day =243
(0)	day =244
(0)	day =245
(0)	day =246
(0)	day =247
(0)	day =248
(0)	day =249
(0)	day =250
(0)	day =251
(0)	day =252
(0)	day =253
(0)	day =254
(0)	day =255
(0)	day =256
(0)	day =257
(0)	day =258
(0)	day =259
(0)	day =260
(0)	day =261
(0)	day =262
(0)	day =263
(0)	day =264
(0)	day =265
(0)	day =266
(0)	day =267
(0)	day =268
(0)	day =269
(0)	day =270
(0)	day =271
(0)	day =272
(0)	day =273
(0)	day =274
(0)	day =275
(0)	day =276
(0)	day =277
(0)	day =278
(0)	day =279
(0)	day =280
(0)	day =281
(0)	day =282
(0)	day =283
(0)	day =284
(0)	day =285
(0)	day =286
(0)	day =287
(0)	day =288
(0)	day =289
(0)	day =290
(0)	day =291
(0)	day =292
(0)	day =293
(0)	day =294
(0)	day =295
(0)	day =296
(0)	day =297
(0)	day =298
(0)	day =299
(0)	day =300
(0)	day =301
(0)	day =302
(0)	day =303
(0)	day =304
(0)	day =305
(0)	day =306
(0)	day =307
(0)	day =308
(0)	day =309
(0)	day =310
(0)	day =311
(0)	day =312
(0)	day =313
(0)	day =314
(0)	day =315
(0)	day =316
(0)	day =317
(0)	day =318
(0)	day =319
(0)	day =320
(0)	day =321
(0)	day =322
(0)	day =323
(0)	day =324
(0)	day =325
(0)	day =326
(0)	day =327
(0)	day =328
(0)	day =329
(0)	day =330
(0)	day =331
(0)	day =332
(0)	day =333
(0)	day =334
(0)	day =335
(0)	day =336
(0)	day =337
(0)	day =338
(0)	day =339
(0)	day =340
(0)	day =341
(0)	day =342
(0)	day =343
(0)	day =344
(0)	day =345
(0)	day =346
(0)	day =347
(0)	day =348
(0)	day =349
(0)	day =350
(0)	day =351
(0)	day =352
(0)	day =353
(0)	day =354
(0)	day =355
(0)	day =356
(0)	day =357
(0)	day =358
(0)	day =359
(0)	day =360
(0)	day =361
(0)	day =362
(0)	day =363
(0)	day =364
(0)	day =365
(0)	case_num = 0
(0)	case_num = 1


Variable: plot_row
Type: integer
Total Size: 4 bytes
            1 values
Number of Dimensions: 1
Dimensions and sizes:	[1]
Coordinates: 
(0)	2
warning:ContourPlotSetValues: Data values out of range of levels set by EXPLICITLEVELS mode
warning:ContourPlotSetValues: Data values out of range of levels set by EXPLICITLEVELS mode
warning:ContourPlotSetValues: Data values out of range of levels set by EXPLICITLEVELS mode
warning:ContourPlotSetValues: Data values out of range of levels set by EXPLICITLEVELS mode
warning:ContourPlotSetValues: Data values out of range of levels set by EXPLICITLEVELS mode
warning:ContourPlotSetValues: Data values out of range of levels set by EXPLICITLEVELS mode
warning:ContourPlotSetValues: Data values out of range of levels set by EXPLICITLEVELS mode
input in flex scanner failed
