input in flex scanner failed
 Copyright (C) 1995-2019 - All Rights Reserved
 University Corporation for Atmospheric Research
 NCAR Command Language Version 6.6.2
 The use of this software is governed by a License Agreement.
 See http://www.ncl.ucar.edu/ for more details.
(0)	monthly
(0)	case_num = 0
(0)	year = 1970
(0)	year = 1971
(0)	year = 1972
(0)	year = 1973
(0)	year = 1974
(0)	year = 1975
(0)	year = 1976
(0)	year = 1977
(0)	year = 1978
(0)	year = 1979
(0)	year = 1980
(0)	year = 1981
(0)	year = 1982
(0)	year = 1983
(0)	year = 1984
(0)	year = 1985
(0)	year = 1986
(0)	year = 1987
(0)	year = 1988
(0)	year = 1989
(0)	year = 1990
(0)	year = 1991
(0)	year = 1992
(0)	year = 1993
(0)	year = 1994
(0)	year = 1995
(0)	year = 1996
(0)	year = 1997
(0)	year = 1998
(0)	year = 1999
(0)	case_num = 1
(0)	year = 1970
(0)	year = 1971
(0)	year = 1972
(0)	year = 1973
(0)	year = 1974
(0)	year = 1975
(0)	year = 1976
(0)	year = 1977
(0)	year = 1978
(0)	year = 1979
(0)	year = 1980
(0)	year = 1981
(0)	year = 1982
(0)	year = 1983
(0)	year = 1984
(0)	year = 1985
(0)	year = 1986
(0)	year = 1987
(0)	year = 1988
(0)	year = 1989
(0)	year = 1990
(0)	year = 1991
(0)	year = 1992
(0)	year = 1993
(0)	year = 1994
(0)	year = 1995
(0)	year = 1996
(0)	year = 1997
(0)	year = 1998
(0)	year = 1999
(0)	case_num = 2
(0)	year = 1970
(0)	year = 1971
(0)	year = 1972
(0)	year = 1973
(0)	year = 1974
(0)	year = 1975
(0)	year = 1976
(0)	year = 1977
(0)	year = 1978
(0)	year = 1979
(0)	year = 1980
(0)	year = 1981
(0)	year = 1982
(0)	year = 1983
(0)	year = 1984
(0)	year = 1985
(0)	year = 1986
(0)	year = 1987
(0)	year = 1988
(0)	year = 1989
(0)	year = 1990
(0)	year = 1991
(0)	year = 1992
(0)	year = 1993
(0)	year = 1994
(0)	year = 1995
(0)	year = 1996
(0)	year = 1997
(0)	year = 1998
(0)	year = 1999
(0)	case_num = 3
(0)	year = 1970
(0)	year = 1971
(0)	year = 1972
(0)	year = 1973
(0)	year = 1974
(0)	year = 1975
(0)	year = 1976
(0)	year = 1977
(0)	year = 1978
(0)	year = 1979
(0)	year = 1980
(0)	year = 1981
(0)	year = 1982
(0)	year = 1983
(0)	year = 1984
(0)	year = 1985
(0)	year = 1986
(0)	year = 1987
(0)	year = 1988
(0)	year = 1989
(0)	year = 1990
(0)	year = 1991
(0)	year = 1992
(0)	year = 1993
(0)	year = 1994
(0)	year = 1995
(0)	year = 1996
(0)	year = 1997
(0)	year = 1998
(0)	year = 1999
(0)	prepare to plot
(0)	plot rainfall
(0)	plot latent heat
(0)	plot sensible heat
(0)	plot ground heat
(0)	plot ET
(0)	plot trans
(0)	plot esoil
(0)	plot surface runoff
(0)	plot subsurface runoff
(0)	plot aquifer recharge
(0)	plot vegetation temperature
(0)	plot within-canopy temperature
(0)	plot aquifer moisture
(0)	plot water table
(0)	plot soil temp
(0)	plot soil temp
(0)	plot soil temp
(0)	plot soil temp
(0)	plot soil temp
(0)	plot soil temp
(0)	plot soil moisture
(0)	plot soil moisture
(0)	plot soil moisture
(0)	plot soil moisture
(0)	plot soil moisture
(0)	plot soil moisture
